<?xml version="1.0" encoding="UTF-8"?>
<testsuite xmlns:xsi="http://www.w3.org/2001/XMLSchema-instance" xsi:noNamespaceSchemaLocation="https://maven.apache.org/surefire/maven-surefire-plugin/xsd/surefire-test-report.xsd" name="it.one6n.file_pdf.PdfUtilsTest" time="0.475" tests="7" errors="0" skipped="0" failures="0">
  <properties>
    <property name="java.specification.version" value="15"/>
    <property name="sun.jnu.encoding" value="UTF-8"/>
    <property name="java.class.path" value="/home/one6n/Documenti/sts_workspace/file-pdf/target/test-classes:/home/one6n/Documenti/sts_workspace/file-pdf/target/classes:/home/one6n/.m2/repository/junit/junit/4.11/junit-4.11.jar:/home/one6n/.m2/repository/org/hamcrest/hamcrest-core/1.3/hamcrest-core-1.3.jar:/home/one6n/.m2/repository/org/apache/pdfbox/pdfbox/2.0.23/pdfbox-2.0.23.jar:/home/one6n/.m2/repository/org/apache/pdfbox/fontbox/2.0.23/fontbox-2.0.23.jar:/home/one6n/.m2/repository/commons-logging/commons-logging/1.2/commons-logging-1.2.jar:/home/one6n/.m2/repository/org/slf4j/slf4j-api/2.0.0-alpha1/slf4j-api-2.0.0-alpha1.jar:/home/one6n/.m2/repository/org/slf4j/slf4j-log4j12/2.0.0-alpha1/slf4j-log4j12-2.0.0-alpha1.jar:/home/one6n/.m2/repository/log4j/log4j/1.2.17/log4j-1.2.17.jar:/home/one6n/.m2/repository/org/projectlombok/lombok/1.18.20/lombok-1.18.20.jar:"/>
    <property name="java.vm.vendor" value="Oracle Corporation"/>
    <property name="sun.arch.data.model" value="64"/>
    <property name="java.vendor.url" value="https://java.oracle.com/"/>
    <property name="os.name" value="Linux"/>
    <property name="java.vm.specification.version" value="15"/>
    <property name="sun.java.launcher" value="SUN_STANDARD"/>
    <property name="user.country" value="IT"/>
    <property name="sun.boot.library.path" value="/home/one6n/sts-4.10.0.RELEASE/plugins/org.eclipse.justj.openjdk.hotspot.jre.full.linux.x86_64_15.0.2.v20210201-0955/jre/lib"/>
    <property name="sun.java.command" value="/home/one6n/Documenti/sts_workspace/file-pdf/target/surefire/surefirebooter14092168455120571118.jar /home/one6n/Documenti/sts_workspace/file-pdf/target/surefire 2021-06-07T23-04-30_055-jvmRun1 surefire11923655837703364345tmp surefire_02021451619907796093tmp"/>
    <property name="jdk.debug" value="release"/>
    <property name="surefire.test.class.path" value="/home/one6n/Documenti/sts_workspace/file-pdf/target/test-classes:/home/one6n/Documenti/sts_workspace/file-pdf/target/classes:/home/one6n/.m2/repository/junit/junit/4.11/junit-4.11.jar:/home/one6n/.m2/repository/org/hamcrest/hamcrest-core/1.3/hamcrest-core-1.3.jar:/home/one6n/.m2/repository/org/apache/pdfbox/pdfbox/2.0.23/pdfbox-2.0.23.jar:/home/one6n/.m2/repository/org/apache/pdfbox/fontbox/2.0.23/fontbox-2.0.23.jar:/home/one6n/.m2/repository/commons-logging/commons-logging/1.2/commons-logging-1.2.jar:/home/one6n/.m2/repository/org/slf4j/slf4j-api/2.0.0-alpha1/slf4j-api-2.0.0-alpha1.jar:/home/one6n/.m2/repository/org/slf4j/slf4j-log4j12/2.0.0-alpha1/slf4j-log4j12-2.0.0-alpha1.jar:/home/one6n/.m2/repository/log4j/log4j/1.2.17/log4j-1.2.17.jar:/home/one6n/.m2/repository/org/projectlombok/lombok/1.18.20/lombok-1.18.20.jar:"/>
    <property name="sun.cpu.endian" value="little"/>
    <property name="user.home" value="/home/one6n"/>
    <property name="user.language" value="it"/>
    <property name="java.specification.vendor" value="Oracle Corporation"/>
    <property name="java.version.date" value="2021-01-19"/>
    <property name="java.home" value="/home/one6n/sts-4.10.0.RELEASE/plugins/org.eclipse.justj.openjdk.hotspot.jre.full.linux.x86_64_15.0.2.v20210201-0955/jre"/>
    <property name="file.separator" value="/"/>
    <property name="style.color" value="always"/>
    <property name="basedir" value="/home/one6n/Documenti/sts_workspace/file-pdf"/>
    <property name="java.vm.compressedOopsMode" value="32-bit"/>
    <property name="line.separator" value="&#10;"/>
    <property name="java.vm.specification.vendor" value="Oracle Corporation"/>
    <property name="java.specification.name" value="Java Platform API Specification"/>
    <property name="surefire.real.class.path" value="/home/one6n/Documenti/sts_workspace/file-pdf/target/surefire/surefirebooter14092168455120571118.jar"/>
    <property name="sun.management.compiler" value="HotSpot 64-Bit Tiered Compilers"/>
    <property name="java.runtime.version" value="15.0.2+7-27"/>
    <property name="user.name" value="one6n"/>
    <property name="path.separator" value=":"/>
    <property name="os.version" value="5.8.0-55-generic"/>
    <property name="java.runtime.name" value="OpenJDK Runtime Environment"/>
    <property name="file.encoding" value="UTF-8"/>
    <property name="java.vm.name" value="OpenJDK 64-Bit Server VM"/>
    <property name="localRepository" value="/home/one6n/.m2/repository"/>
    <property name="java.vendor.url.bug" value="https://bugreport.java.com/bugreport/"/>
    <property name="java.io.tmpdir" value="/tmp"/>
    <property name="java.version" value="15.0.2"/>
    <property name="user.dir" value="/home/one6n/Documenti/sts_workspace/file-pdf"/>
    <property name="os.arch" value="amd64"/>
    <property name="java.vm.specification.name" value="Java Virtual Machine Specification"/>
    <property name="java.library.path" value="/usr/java/packages/lib:/usr/lib64:/lib64:/lib:/usr/lib"/>
    <property name="java.vm.info" value="mixed mode"/>
    <property name="java.vendor" value="Oracle Corporation"/>
    <property name="java.vm.version" value="15.0.2+7-27"/>
    <property name="sun.io.unicode.encoding" value="UnicodeLittle"/>
    <property name="java.class.version" value="59.0"/>
  </properties>
  <testcase name="testWriteText" classname="it.one6n.file_pdf.PdfUtilsTest" time="0.421"/>
  <testcase name="testcreateAndSavePdfWithBlankPages" classname="it.one6n.file_pdf.PdfUtilsTest" time="0.011"/>
  <testcase name="testCreatePdfWithBlankPages" classname="it.one6n.file_pdf.PdfUtilsTest" time="0.004"/>
  <testcase name="testLoadDocumentFile" classname="it.one6n.file_pdf.PdfUtilsTest" time="0.005"/>
  <testcase name="testLoadDocumentPath" classname="it.one6n.file_pdf.PdfUtilsTest" time="0.002"/>
  <testcase name="testSavePDF" classname="it.one6n.file_pdf.PdfUtilsTest" time="0.004"/>
  <testcase name="testSplitDocument" classname="it.one6n.file_pdf.PdfUtilsTest" time="0.004"/>
</testsuite>